<?xml version="1.0" encoding="UTF-8"?>
<testsuite name="com.mindex.challenge.service.impl.EmployeeServiceImplTest" tests="1" skipped="0" failures="0" errors="0" timestamp="2021-08-23T04:53:36" hostname="DESKTOP-A7TLOO4" time="0.038">
  <properties/>
  <testcase name="testCreateReadUpdate" classname="com.mindex.challenge.service.impl.EmployeeServiceImplTest" time="0.038"/>
  <system-out><![CDATA[2021-08-23 00:53:36.256  INFO 26700 --- [    Test worker] .b.t.c.SpringBootTestContextBootstrapper : Neither @ContextConfiguration nor @ContextHierarchy found for test class [com.mindex.challenge.service.impl.EmployeeServiceImplTest], using SpringBootContextLoader
2021-08-23 00:53:36.257  INFO 26700 --- [    Test worker] o.s.t.c.support.AbstractContextLoader    : Could not detect default resource locations for test class [com.mindex.challenge.service.impl.EmployeeServiceImplTest]: no resource found for suffixes {-context.xml, Context.groovy}.
2021-08-23 00:53:36.257  INFO 26700 --- [    Test worker] t.c.s.AnnotationConfigContextLoaderUtils : Could not detect default configuration classes for test class [com.mindex.challenge.service.impl.EmployeeServiceImplTest]: EmployeeServiceImplTest does not declare any static, non-private, non-final, nested classes annotated with @Configuration.
2021-08-23 00:53:36.258  INFO 26700 --- [    Test worker] .b.t.c.SpringBootTestContextBootstrapper : Found @SpringBootConfiguration com.mindex.challenge.ChallengeApplication for test class com.mindex.challenge.service.impl.EmployeeServiceImplTest
2021-08-23 00:53:36.260  INFO 26700 --- [    Test worker] .b.t.c.SpringBootTestContextBootstrapper : Loaded default TestExecutionListener class names from location [META-INF/spring.factories]: [org.springframework.boot.test.autoconfigure.restdocs.RestDocsTestExecutionListener, org.springframework.boot.test.autoconfigure.web.client.MockRestServiceServerResetTestExecutionListener, org.springframework.boot.test.autoconfigure.web.servlet.MockMvcPrintOnlyOnFailureTestExecutionListener, org.springframework.boot.test.autoconfigure.web.servlet.WebDriverTestExecutionListener, org.springframework.boot.test.mock.mockito.MockitoTestExecutionListener, org.springframework.boot.test.mock.mockito.ResetMocksTestExecutionListener, org.springframework.test.context.web.ServletTestExecutionListener, org.springframework.test.context.support.DirtiesContextBeforeModesTestExecutionListener, org.springframework.test.context.support.DependencyInjectionTestExecutionListener, org.springframework.test.context.support.DirtiesContextTestExecutionListener, org.springframework.test.context.transaction.TransactionalTestExecutionListener, org.springframework.test.context.jdbc.SqlScriptsTestExecutionListener, org.springframework.test.context.event.EventPublishingTestExecutionListener]
2021-08-23 00:53:36.260  INFO 26700 --- [    Test worker] .b.t.c.SpringBootTestContextBootstrapper : Using TestExecutionListeners: [org.springframework.test.context.web.ServletTestExecutionListener@3de7d21c, org.springframework.test.context.support.DirtiesContextBeforeModesTestExecutionListener@7371b176, org.springframework.boot.test.mock.mockito.MockitoTestExecutionListener@2e5bf9ff, org.springframework.boot.test.autoconfigure.SpringBootDependencyInjectionTestExecutionListener@5b57e248, org.springframework.test.context.support.DirtiesContextTestExecutionListener@5823bc0c, org.springframework.test.context.transaction.TransactionalTestExecutionListener@26275c7f, org.springframework.test.context.jdbc.SqlScriptsTestExecutionListener@5742cd45, org.springframework.test.context.event.EventPublishingTestExecutionListener@33633047, org.springframework.boot.test.autoconfigure.restdocs.RestDocsTestExecutionListener@766539fb, org.springframework.boot.test.autoconfigure.web.client.MockRestServiceServerResetTestExecutionListener@6abd57ec, org.springframework.boot.test.autoconfigure.web.servlet.MockMvcPrintOnlyOnFailureTestExecutionListener@2b54971b, org.springframework.boot.test.autoconfigure.web.servlet.WebDriverTestExecutionListener@11f6b3e, org.springframework.boot.test.mock.mockito.ResetMocksTestExecutionListener@5eea2007]
2021-08-23 00:53:36.267 DEBUG 26700 --- [o-auto-1-exec-6] c.m.c.controller.EmployeeController      : Received employee create request for [com.mindex.challenge.data.Employee@48acf707]
2021-08-23 00:53:36.267 DEBUG 26700 --- [o-auto-1-exec-6] c.m.c.service.impl.EmployeeServiceImpl   : Creating employee [com.mindex.challenge.data.Employee@48acf707]
2021-08-23 00:53:36.274 DEBUG 26700 --- [o-auto-1-exec-7] c.m.c.controller.EmployeeController      : Received employee create request for id [ce7d636b-72b3-4a5a-b18a-f6761687be78]
2021-08-23 00:53:36.275 DEBUG 26700 --- [o-auto-1-exec-7] c.m.c.service.impl.EmployeeServiceImpl   : Creating employee with id [ce7d636b-72b3-4a5a-b18a-f6761687be78]
2021-08-23 00:53:36.283 DEBUG 26700 --- [o-auto-1-exec-8] c.m.c.controller.EmployeeController      : Received employee create request for id [ce7d636b-72b3-4a5a-b18a-f6761687be78] and employee [com.mindex.challenge.data.Employee@26568f5f]
2021-08-23 00:53:36.283 DEBUG 26700 --- [o-auto-1-exec-8] c.m.c.service.impl.EmployeeServiceImpl   : Updating employee [com.mindex.challenge.data.Employee@26568f5f]
]]></system-out>
  <system-err><![CDATA[]]></system-err>
</testsuite>
