<?xml version="1.0" encoding="UTF-8"?>
<testsuite name="com.mindex.challenge.service.impl.EmployeeServiceImplTest" tests="1" skipped="0" failures="0" errors="0" timestamp="2021-08-23T04:37:31" hostname="DESKTOP-A7TLOO4" time="0.058">
  <properties/>
  <testcase name="testCreateReadUpdate" classname="com.mindex.challenge.service.impl.EmployeeServiceImplTest" time="0.058"/>
  <system-out><![CDATA[2021-08-23 00:37:31.053  INFO 6028 --- [    Test worker] .b.t.c.SpringBootTestContextBootstrapper : Neither @ContextConfiguration nor @ContextHierarchy found for test class [com.mindex.challenge.service.impl.EmployeeServiceImplTest], using SpringBootContextLoader
2021-08-23 00:37:31.054  INFO 6028 --- [    Test worker] o.s.t.c.support.AbstractContextLoader    : Could not detect default resource locations for test class [com.mindex.challenge.service.impl.EmployeeServiceImplTest]: no resource found for suffixes {-context.xml, Context.groovy}.
2021-08-23 00:37:31.054  INFO 6028 --- [    Test worker] t.c.s.AnnotationConfigContextLoaderUtils : Could not detect default configuration classes for test class [com.mindex.challenge.service.impl.EmployeeServiceImplTest]: EmployeeServiceImplTest does not declare any static, non-private, non-final, nested classes annotated with @Configuration.
2021-08-23 00:37:31.057  INFO 6028 --- [    Test worker] .b.t.c.SpringBootTestContextBootstrapper : Found @SpringBootConfiguration com.mindex.challenge.ChallengeApplication for test class com.mindex.challenge.service.impl.EmployeeServiceImplTest
2021-08-23 00:37:31.058  INFO 6028 --- [    Test worker] .b.t.c.SpringBootTestContextBootstrapper : Loaded default TestExecutionListener class names from location [META-INF/spring.factories]: [org.springframework.boot.test.autoconfigure.restdocs.RestDocsTestExecutionListener, org.springframework.boot.test.autoconfigure.web.client.MockRestServiceServerResetTestExecutionListener, org.springframework.boot.test.autoconfigure.web.servlet.MockMvcPrintOnlyOnFailureTestExecutionListener, org.springframework.boot.test.autoconfigure.web.servlet.WebDriverTestExecutionListener, org.springframework.boot.test.mock.mockito.MockitoTestExecutionListener, org.springframework.boot.test.mock.mockito.ResetMocksTestExecutionListener, org.springframework.test.context.web.ServletTestExecutionListener, org.springframework.test.context.support.DirtiesContextBeforeModesTestExecutionListener, org.springframework.test.context.support.DependencyInjectionTestExecutionListener, org.springframework.test.context.support.DirtiesContextTestExecutionListener, org.springframework.test.context.transaction.TransactionalTestExecutionListener, org.springframework.test.context.jdbc.SqlScriptsTestExecutionListener, org.springframework.test.context.event.EventPublishingTestExecutionListener]
2021-08-23 00:37:31.059  INFO 6028 --- [    Test worker] .b.t.c.SpringBootTestContextBootstrapper : Using TestExecutionListeners: [org.springframework.test.context.web.ServletTestExecutionListener@6c4ff1e, org.springframework.test.context.support.DirtiesContextBeforeModesTestExecutionListener@4917c9be, org.springframework.boot.test.mock.mockito.MockitoTestExecutionListener@7adfda17, org.springframework.boot.test.autoconfigure.SpringBootDependencyInjectionTestExecutionListener@2c62ea59, org.springframework.test.context.support.DirtiesContextTestExecutionListener@dffdcc4, org.springframework.test.context.transaction.TransactionalTestExecutionListener@7ad2aefc, org.springframework.test.context.jdbc.SqlScriptsTestExecutionListener@7e59dcd3, org.springframework.test.context.event.EventPublishingTestExecutionListener@4552c163, org.springframework.boot.test.autoconfigure.restdocs.RestDocsTestExecutionListener@36382cf1, org.springframework.boot.test.autoconfigure.web.client.MockRestServiceServerResetTestExecutionListener@59f2c184, org.springframework.boot.test.autoconfigure.web.servlet.MockMvcPrintOnlyOnFailureTestExecutionListener@69fd312d, org.springframework.boot.test.autoconfigure.web.servlet.WebDriverTestExecutionListener@3a77aca8, org.springframework.boot.test.mock.mockito.ResetMocksTestExecutionListener@4ddf50b3]
2021-08-23 00:37:31.068 DEBUG 6028 --- [o-auto-1-exec-6] c.m.c.controller.EmployeeController      : Received employee create request for [com.mindex.challenge.data.Employee@22713924]
2021-08-23 00:37:31.069 DEBUG 6028 --- [o-auto-1-exec-6] c.m.c.service.impl.EmployeeServiceImpl   : Creating employee [com.mindex.challenge.data.Employee@22713924]
2021-08-23 00:37:31.078 DEBUG 6028 --- [o-auto-1-exec-7] c.m.c.controller.EmployeeController      : Received employee create request for id [594305b8-79d6-4df9-b8b5-e374b46b9e24]
2021-08-23 00:37:31.078 DEBUG 6028 --- [o-auto-1-exec-7] c.m.c.service.impl.EmployeeServiceImpl   : Creating employee with id [594305b8-79d6-4df9-b8b5-e374b46b9e24]
2021-08-23 00:37:31.087 DEBUG 6028 --- [o-auto-1-exec-8] c.m.c.controller.EmployeeController      : Received employee create request for id [594305b8-79d6-4df9-b8b5-e374b46b9e24] and employee [com.mindex.challenge.data.Employee@1aa97dae]
2021-08-23 00:37:31.087 DEBUG 6028 --- [o-auto-1-exec-8] c.m.c.service.impl.EmployeeServiceImpl   : Updating employee [com.mindex.challenge.data.Employee@1aa97dae]
]]></system-out>
  <system-err><![CDATA[]]></system-err>
</testsuite>
