<?xml version="1.0" encoding="UTF-8"?>
<testsuite name="com.mindex.challenge.DataBootstrapTest" tests="1" skipped="0" failures="0" errors="0" timestamp="2021-08-23T04:53:34" hostname="DESKTOP-A7TLOO4" time="0.065">
  <properties/>
  <testcase name="test" classname="com.mindex.challenge.DataBootstrapTest" time="0.065"/>
  <system-out><![CDATA[2021-08-23 00:53:34.629  INFO 26700 --- [    Test worker] .b.t.c.SpringBootTestContextBootstrapper : Neither @ContextConfiguration nor @ContextHierarchy found for test class [com.mindex.challenge.DataBootstrapTest], using SpringBootContextLoader
2021-08-23 00:53:34.630  INFO 26700 --- [    Test worker] o.s.t.c.support.AbstractContextLoader    : Could not detect default resource locations for test class [com.mindex.challenge.DataBootstrapTest]: no resource found for suffixes {-context.xml, Context.groovy}.
2021-08-23 00:53:34.630  INFO 26700 --- [    Test worker] t.c.s.AnnotationConfigContextLoaderUtils : Could not detect default configuration classes for test class [com.mindex.challenge.DataBootstrapTest]: DataBootstrapTest does not declare any static, non-private, non-final, nested classes annotated with @Configuration.
2021-08-23 00:53:34.632  INFO 26700 --- [    Test worker] .b.t.c.SpringBootTestContextBootstrapper : Found @SpringBootConfiguration com.mindex.challenge.ChallengeApplication for test class com.mindex.challenge.DataBootstrapTest
2021-08-23 00:53:34.635  INFO 26700 --- [    Test worker] .b.t.c.SpringBootTestContextBootstrapper : Loaded default TestExecutionListener class names from location [META-INF/spring.factories]: [org.springframework.boot.test.autoconfigure.restdocs.RestDocsTestExecutionListener, org.springframework.boot.test.autoconfigure.web.client.MockRestServiceServerResetTestExecutionListener, org.springframework.boot.test.autoconfigure.web.servlet.MockMvcPrintOnlyOnFailureTestExecutionListener, org.springframework.boot.test.autoconfigure.web.servlet.WebDriverTestExecutionListener, org.springframework.boot.test.mock.mockito.MockitoTestExecutionListener, org.springframework.boot.test.mock.mockito.ResetMocksTestExecutionListener, org.springframework.test.context.web.ServletTestExecutionListener, org.springframework.test.context.support.DirtiesContextBeforeModesTestExecutionListener, org.springframework.test.context.support.DependencyInjectionTestExecutionListener, org.springframework.test.context.support.DirtiesContextTestExecutionListener, org.springframework.test.context.transaction.TransactionalTestExecutionListener, org.springframework.test.context.jdbc.SqlScriptsTestExecutionListener, org.springframework.test.context.event.EventPublishingTestExecutionListener]
2021-08-23 00:53:34.635  INFO 26700 --- [    Test worker] .b.t.c.SpringBootTestContextBootstrapper : Using TestExecutionListeners: [org.springframework.test.context.web.ServletTestExecutionListener@11ce0451, org.springframework.test.context.support.DirtiesContextBeforeModesTestExecutionListener@a4d402f, org.springframework.boot.test.mock.mockito.MockitoTestExecutionListener@c08087c, org.springframework.boot.test.autoconfigure.SpringBootDependencyInjectionTestExecutionListener@36fea1d2, org.springframework.test.context.support.DirtiesContextTestExecutionListener@5773d7d0, org.springframework.test.context.transaction.TransactionalTestExecutionListener@37dfb929, org.springframework.test.context.jdbc.SqlScriptsTestExecutionListener@7bd81c46, org.springframework.test.context.event.EventPublishingTestExecutionListener@386bd2de, org.springframework.boot.test.autoconfigure.restdocs.RestDocsTestExecutionListener@71ef4f54, org.springframework.boot.test.autoconfigure.web.client.MockRestServiceServerResetTestExecutionListener@3b33a6b1, org.springframework.boot.test.autoconfigure.web.servlet.MockMvcPrintOnlyOnFailureTestExecutionListener@b2a7bd, org.springframework.boot.test.autoconfigure.web.servlet.WebDriverTestExecutionListener@66297857, org.springframework.boot.test.mock.mockito.ResetMocksTestExecutionListener@6db70e29]
]]></system-out>
  <system-err><![CDATA[]]></system-err>
</testsuite>
