<?xml version="1.0" encoding="UTF-8"?>
<testsuite name="com.mindex.challenge.DataBootstrapTest" tests="1" skipped="0" failures="0" errors="0" timestamp="2021-08-23T04:37:29" hostname="DESKTOP-A7TLOO4" time="0.038">
  <properties/>
  <testcase name="test" classname="com.mindex.challenge.DataBootstrapTest" time="0.038"/>
  <system-out><![CDATA[2021-08-23 00:37:29.477  INFO 6028 --- [    Test worker] .b.t.c.SpringBootTestContextBootstrapper : Neither @ContextConfiguration nor @ContextHierarchy found for test class [com.mindex.challenge.DataBootstrapTest], using SpringBootContextLoader
2021-08-23 00:37:29.478  INFO 6028 --- [    Test worker] o.s.t.c.support.AbstractContextLoader    : Could not detect default resource locations for test class [com.mindex.challenge.DataBootstrapTest]: no resource found for suffixes {-context.xml, Context.groovy}.
2021-08-23 00:37:29.478  INFO 6028 --- [    Test worker] t.c.s.AnnotationConfigContextLoaderUtils : Could not detect default configuration classes for test class [com.mindex.challenge.DataBootstrapTest]: DataBootstrapTest does not declare any static, non-private, non-final, nested classes annotated with @Configuration.
2021-08-23 00:37:29.479  INFO 6028 --- [    Test worker] .b.t.c.SpringBootTestContextBootstrapper : Found @SpringBootConfiguration com.mindex.challenge.ChallengeApplication for test class com.mindex.challenge.DataBootstrapTest
2021-08-23 00:37:29.481  INFO 6028 --- [    Test worker] .b.t.c.SpringBootTestContextBootstrapper : Loaded default TestExecutionListener class names from location [META-INF/spring.factories]: [org.springframework.boot.test.autoconfigure.restdocs.RestDocsTestExecutionListener, org.springframework.boot.test.autoconfigure.web.client.MockRestServiceServerResetTestExecutionListener, org.springframework.boot.test.autoconfigure.web.servlet.MockMvcPrintOnlyOnFailureTestExecutionListener, org.springframework.boot.test.autoconfigure.web.servlet.WebDriverTestExecutionListener, org.springframework.boot.test.mock.mockito.MockitoTestExecutionListener, org.springframework.boot.test.mock.mockito.ResetMocksTestExecutionListener, org.springframework.test.context.web.ServletTestExecutionListener, org.springframework.test.context.support.DirtiesContextBeforeModesTestExecutionListener, org.springframework.test.context.support.DependencyInjectionTestExecutionListener, org.springframework.test.context.support.DirtiesContextTestExecutionListener, org.springframework.test.context.transaction.TransactionalTestExecutionListener, org.springframework.test.context.jdbc.SqlScriptsTestExecutionListener, org.springframework.test.context.event.EventPublishingTestExecutionListener]
2021-08-23 00:37:29.481  INFO 6028 --- [    Test worker] .b.t.c.SpringBootTestContextBootstrapper : Using TestExecutionListeners: [org.springframework.test.context.web.ServletTestExecutionListener@329577a3, org.springframework.test.context.support.DirtiesContextBeforeModesTestExecutionListener@2e76aba8, org.springframework.boot.test.mock.mockito.MockitoTestExecutionListener@39b7dc96, org.springframework.boot.test.autoconfigure.SpringBootDependencyInjectionTestExecutionListener@63eedf00, org.springframework.test.context.support.DirtiesContextTestExecutionListener@7adf84b1, org.springframework.test.context.transaction.TransactionalTestExecutionListener@61ef5ba9, org.springframework.test.context.jdbc.SqlScriptsTestExecutionListener@66bb786e, org.springframework.test.context.event.EventPublishingTestExecutionListener@7338ad66, org.springframework.boot.test.autoconfigure.restdocs.RestDocsTestExecutionListener@75c455bc, org.springframework.boot.test.autoconfigure.web.client.MockRestServiceServerResetTestExecutionListener@6e6d7abe, org.springframework.boot.test.autoconfigure.web.servlet.MockMvcPrintOnlyOnFailureTestExecutionListener@53281715, org.springframework.boot.test.autoconfigure.web.servlet.WebDriverTestExecutionListener@65cdc38b, org.springframework.boot.test.mock.mockito.ResetMocksTestExecutionListener@32f3133b]
]]></system-out>
  <system-err><![CDATA[]]></system-err>
</testsuite>
